  [1m[35m (282.2ms)[0m  [1m[35mCREATE TABLE `schema_migrations` (`version` varchar(255) PRIMARY KEY) ENGINE=InnoDB[0m
  [1m[35m (243.0ms)[0m  [1m[35mCREATE TABLE `ar_internal_metadata` (`key` varchar(255) PRIMARY KEY, `value` varchar(255), `created_at` datetime NOT NULL, `updated_at` datetime NOT NULL) ENGINE=InnoDB[0m
  [1m[35m (0.2ms)[0m  [1m[34mSELECT DATABASE() as db[0m
  [1m[35m (0.2ms)[0m  [1m[34mSELECT GET_LOCK('8788926869571990960', 0);[0m
  [1m[36mActiveRecord::SchemaMigration Load (0.4ms)[0m  [1m[34mSELECT `schema_migrations`.* FROM `schema_migrations`[0m
Migrating to CreateGalleries (20170221093212)
  [1m[35m (242.0ms)[0m  [1m[35mCREATE TABLE `galleries` (`id` int AUTO_INCREMENT PRIMARY KEY, `name` varchar(255), `published` tinyint(1), `created_at` datetime NOT NULL, `updated_at` datetime NOT NULL) ENGINE=InnoDB[0m
  [1m[35m (0.2ms)[0m  [1m[35mBEGIN[0m
  [1m[35mSQL (0.3ms)[0m  [1m[32mINSERT INTO `schema_migrations` (`version`) VALUES ('20170221093212')[0m
  [1m[35m (29.8ms)[0m  [1m[35mCOMMIT[0m
  [1m[36mActiveRecord::InternalMetadata Load (0.2ms)[0m  [1m[34mSELECT  `ar_internal_metadata`.* FROM `ar_internal_metadata` WHERE `ar_internal_metadata`.`key` = 'environment' LIMIT 1[0m
  [1m[35m (0.2ms)[0m  [1m[35mBEGIN[0m
  [1m[35mSQL (0.3ms)[0m  [1m[32mINSERT INTO `ar_internal_metadata` (`key`, `value`, `created_at`, `updated_at`) VALUES ('environment', 'development', '2017-02-21 09:59:47', '2017-02-21 09:59:47')[0m
  [1m[35m (35.3ms)[0m  [1m[35mCOMMIT[0m
  [1m[35m (0.8ms)[0m  [1m[34mSELECT RELEASE_LOCK('8788926869571990960')[0m
  [1m[36mActiveRecord::SchemaMigration Load (0.2ms)[0m  [1m[34mSELECT `schema_migrations`.* FROM `schema_migrations`[0m
  [1m[35m (0.1ms)[0m  [1m[35mSHOW CREATE TABLE `galleries`[0m
  [1m[35m (0.3ms)[0m  [1m[35mSHOW TABLE STATUS LIKE 'galleries'[0m
Started GET "/" for ::1 at 2017-02-21 14:52:40 +0100
  [1m[36mActiveRecord::SchemaMigration Load (0.3ms)[0m  [1m[34mSELECT `schema_migrations`.* FROM `schema_migrations`[0m
  
SyntaxError (/home/thibault/Documents/cours_et_exercices/site-photo/MyGallery/app/controllers/galleries_controller.rb:74: syntax error, unexpected end-of-input, expecting keyword_end):
  
app/controllers/galleries_controller.rb:74: syntax error, unexpected end-of-input, expecting keyword_end
  Rendering /home/thibault/.rbenv/versions/2.4.0/lib/ruby/gems/2.4.0/gems/actionpack-5.0.1/lib/action_dispatch/middleware/templates/rescues/diagnostics.html.erb within rescues/layout
  Rendering /home/thibault/.rbenv/versions/2.4.0/lib/ruby/gems/2.4.0/gems/actionpack-5.0.1/lib/action_dispatch/middleware/templates/rescues/_source.html.erb
  Rendered /home/thibault/.rbenv/versions/2.4.0/lib/ruby/gems/2.4.0/gems/actionpack-5.0.1/lib/action_dispatch/middleware/templates/rescues/_source.html.erb (3.9ms)
  Rendering /home/thibault/.rbenv/versions/2.4.0/lib/ruby/gems/2.4.0/gems/actionpack-5.0.1/lib/action_dispatch/middleware/templates/rescues/_trace.html.erb
  Rendered /home/thibault/.rbenv/versions/2.4.0/lib/ruby/gems/2.4.0/gems/actionpack-5.0.1/lib/action_dispatch/middleware/templates/rescues/_trace.html.erb (1.7ms)
  Rendering /home/thibault/.rbenv/versions/2.4.0/lib/ruby/gems/2.4.0/gems/actionpack-5.0.1/lib/action_dispatch/middleware/templates/rescues/_request_and_response.html.erb
  Rendered /home/thibault/.rbenv/versions/2.4.0/lib/ruby/gems/2.4.0/gems/actionpack-5.0.1/lib/action_dispatch/middleware/templates/rescues/_request_and_response.html.erb (11.8ms)
  Rendered /home/thibault/.rbenv/versions/2.4.0/lib/ruby/gems/2.4.0/gems/actionpack-5.0.1/lib/action_dispatch/middleware/templates/rescues/diagnostics.html.erb within rescues/layout (54.9ms)
Started GET "/" for ::1 at 2017-02-21 14:52:57 +0100
Processing by GalleriesController#index as HTML
  Rendering galleries/index.html.erb within layouts/application
  [1m[36mGallery Load (0.3ms)[0m  [1m[34mSELECT `galleries`.* FROM `galleries`[0m
  Rendered galleries/index.html.erb within layouts/application (132.1ms)
Completed 500 Internal Server Error in 144ms (ActiveRecord: 0.9ms)


  
ActionView::Template::Error (undefined local variable or method `new_gallery_path' for #<#<Class:0x00557cfc5d7270>:0x00557cfc5d5a60>
Did you mean?  new_admin_gallery_path):
    26: 
    27: <br>
    28: 
    29: <%= link_to 'New Gallery', new_gallery_path %>
  
app/views/galleries/index.html.erb:29:in `_app_views_galleries_index_html_erb___231960168638434146_46997649187120'
  Rendering /home/thibault/.rbenv/versions/2.4.0/lib/ruby/gems/2.4.0/gems/actionpack-5.0.1/lib/action_dispatch/middleware/templates/rescues/template_error.html.erb within rescues/layout
  Rendering /home/thibault/.rbenv/versions/2.4.0/lib/ruby/gems/2.4.0/gems/actionpack-5.0.1/lib/action_dispatch/middleware/templates/rescues/_source.html.erb
  Rendered /home/thibault/.rbenv/versions/2.4.0/lib/ruby/gems/2.4.0/gems/actionpack-5.0.1/lib/action_dispatch/middleware/templates/rescues/_source.html.erb (13.3ms)
  Rendering /home/thibault/.rbenv/versions/2.4.0/lib/ruby/gems/2.4.0/gems/actionpack-5.0.1/lib/action_dispatch/middleware/templates/rescues/_trace.html.erb
  Rendered /home/thibault/.rbenv/versions/2.4.0/lib/ruby/gems/2.4.0/gems/actionpack-5.0.1/lib/action_dispatch/middleware/templates/rescues/_trace.html.erb (12.9ms)
  Rendering /home/thibault/.rbenv/versions/2.4.0/lib/ruby/gems/2.4.0/gems/actionpack-5.0.1/lib/action_dispatch/middleware/templates/rescues/_request_and_response.html.erb
  Rendered /home/thibault/.rbenv/versions/2.4.0/lib/ruby/gems/2.4.0/gems/actionpack-5.0.1/lib/action_dispatch/middleware/templates/rescues/_request_and_response.html.erb (0.8ms)
  Rendered /home/thibault/.rbenv/versions/2.4.0/lib/ruby/gems/2.4.0/gems/actionpack-5.0.1/lib/action_dispatch/middleware/templates/rescues/template_error.html.erb within rescues/layout (47.9ms)
Started GET "/" for ::1 at 2017-02-21 15:01:19 +0100
Processing by GalleriesController#index as HTML
  Rendering galleries/index.html.erb within layouts/application
  [1m[36mGallery Load (0.2ms)[0m  [1m[34mSELECT `galleries`.* FROM `galleries`[0m
  Rendered galleries/index.html.erb within layouts/application (143.1ms)
Completed 500 Internal Server Error in 155ms (ActiveRecord: 0.2ms)


  
ActionView::Template::Error (undefined local variable or method `new_gallery_path' for #<#<Class:0x00557cfc7fa3e0>:0x00557cfc7f8d60>):
    26: 
    27: <br>
    28: 
    29: <%= link_to 'New Gallery', new_gallery_path %>
  
app/views/galleries/index.html.erb:29:in `_app_views_galleries_index_html_erb___231960168638434146_46997650265720'
  Rendering /home/thibault/.rbenv/versions/2.4.0/lib/ruby/gems/2.4.0/gems/actionpack-5.0.1/lib/action_dispatch/middleware/templates/rescues/template_error.html.erb within rescues/layout
  Rendering /home/thibault/.rbenv/versions/2.4.0/lib/ruby/gems/2.4.0/gems/actionpack-5.0.1/lib/action_dispatch/middleware/templates/rescues/_source.html.erb
  Rendered /home/thibault/.rbenv/versions/2.4.0/lib/ruby/gems/2.4.0/gems/actionpack-5.0.1/lib/action_dispatch/middleware/templates/rescues/_source.html.erb (6.0ms)
  Rendering /home/thibault/.rbenv/versions/2.4.0/lib/ruby/gems/2.4.0/gems/actionpack-5.0.1/lib/action_dispatch/middleware/templates/rescues/_trace.html.erb
  Rendered /home/thibault/.rbenv/versions/2.4.0/lib/ruby/gems/2.4.0/gems/actionpack-5.0.1/lib/action_dispatch/middleware/templates/rescues/_trace.html.erb (2.9ms)
  Rendering /home/thibault/.rbenv/versions/2.4.0/lib/ruby/gems/2.4.0/gems/actionpack-5.0.1/lib/action_dispatch/middleware/templates/rescues/_request_and_response.html.erb
  Rendered /home/thibault/.rbenv/versions/2.4.0/lib/ruby/gems/2.4.0/gems/actionpack-5.0.1/lib/action_dispatch/middleware/templates/rescues/_request_and_response.html.erb (2.6ms)
  Rendered /home/thibault/.rbenv/versions/2.4.0/lib/ruby/gems/2.4.0/gems/actionpack-5.0.1/lib/action_dispatch/middleware/templates/rescues/template_error.html.erb within rescues/layout (31.5ms)
Started GET "/" for ::1 at 2017-02-21 15:01:21 +0100
Processing by GalleriesController#index as HTML
  Rendering galleries/index.html.erb within layouts/application
  [1m[36mGallery Load (0.3ms)[0m  [1m[34mSELECT `galleries`.* FROM `galleries`[0m
  Rendered galleries/index.html.erb within layouts/application (133.5ms)
Completed 500 Internal Server Error in 137ms (ActiveRecord: 0.3ms)


  
ActionView::Template::Error (undefined local variable or method `new_gallery_path' for #<#<Class:0x00557cfc7fa3e0>:0x00557cfc8c0018>):
    26: 
    27: <br>
    28: 
    29: <%= link_to 'New Gallery', new_gallery_path %>
  
app/views/galleries/index.html.erb:29:in `_app_views_galleries_index_html_erb___231960168638434146_46997650672620'
  Rendering /home/thibault/.rbenv/versions/2.4.0/lib/ruby/gems/2.4.0/gems/actionpack-5.0.1/lib/action_dispatch/middleware/templates/rescues/template_error.html.erb within rescues/layout
  Rendering /home/thibault/.rbenv/versions/2.4.0/lib/ruby/gems/2.4.0/gems/actionpack-5.0.1/lib/action_dispatch/middleware/templates/rescues/_source.html.erb
  Rendered /home/thibault/.rbenv/versions/2.4.0/lib/ruby/gems/2.4.0/gems/actionpack-5.0.1/lib/action_dispatch/middleware/templates/rescues/_source.html.erb (6.3ms)
  Rendering /home/thibault/.rbenv/versions/2.4.0/lib/ruby/gems/2.4.0/gems/actionpack-5.0.1/lib/action_dispatch/middleware/templates/rescues/_trace.html.erb
  Rendered /home/thibault/.rbenv/versions/2.4.0/lib/ruby/gems/2.4.0/gems/actionpack-5.0.1/lib/action_dispatch/middleware/templates/rescues/_trace.html.erb (2.4ms)
  Rendering /home/thibault/.rbenv/versions/2.4.0/lib/ruby/gems/2.4.0/gems/actionpack-5.0.1/lib/action_dispatch/middleware/templates/rescues/_request_and_response.html.erb
  Rendered /home/thibault/.rbenv/versions/2.4.0/lib/ruby/gems/2.4.0/gems/actionpack-5.0.1/lib/action_dispatch/middleware/templates/rescues/_request_and_response.html.erb (1.0ms)
  Rendered /home/thibault/.rbenv/versions/2.4.0/lib/ruby/gems/2.4.0/gems/actionpack-5.0.1/lib/action_dispatch/middleware/templates/rescues/template_error.html.erb within rescues/layout (29.4ms)
Started GET "/" for ::1 at 2017-02-21 15:01:22 +0100
Processing by GalleriesController#index as HTML
  Rendering galleries/index.html.erb within layouts/application
  [1m[36mGallery Load (0.3ms)[0m  [1m[34mSELECT `galleries`.* FROM `galleries`[0m
  Rendered galleries/index.html.erb within layouts/application (133.5ms)
Completed 500 Internal Server Error in 140ms (ActiveRecord: 0.3ms)


  
ActionView::Template::Error (undefined local variable or method `new_gallery_path' for #<#<Class:0x00557cfc7fa3e0>:0x00557cfaaa7f18>):
    26: 
    27: <br>
    28: 
    29: <%= link_to 'New Gallery', new_gallery_path %>
  
app/views/galleries/index.html.erb:29:in `_app_views_galleries_index_html_erb___231960168638434146_46997634910520'
  Rendering /home/thibault/.rbenv/versions/2.4.0/lib/ruby/gems/2.4.0/gems/actionpack-5.0.1/lib/action_dispatch/middleware/templates/rescues/template_error.html.erb within rescues/layout
  Rendering /home/thibault/.rbenv/versions/2.4.0/lib/ruby/gems/2.4.0/gems/actionpack-5.0.1/lib/action_dispatch/middleware/templates/rescues/_source.html.erb
  Rendered /home/thibault/.rbenv/versions/2.4.0/lib/ruby/gems/2.4.0/gems/actionpack-5.0.1/lib/action_dispatch/middleware/templates/rescues/_source.html.erb (6.4ms)
  Rendering /home/thibault/.rbenv/versions/2.4.0/lib/ruby/gems/2.4.0/gems/actionpack-5.0.1/lib/action_dispatch/middleware/templates/rescues/_trace.html.erb
  Rendered /home/thibault/.rbenv/versions/2.4.0/lib/ruby/gems/2.4.0/gems/actionpack-5.0.1/lib/action_dispatch/middleware/templates/rescues/_trace.html.erb (2.2ms)
  Rendering /home/thibault/.rbenv/versions/2.4.0/lib/ruby/gems/2.4.0/gems/actionpack-5.0.1/lib/action_dispatch/middleware/templates/rescues/_request_and_response.html.erb
  Rendered /home/thibault/.rbenv/versions/2.4.0/lib/ruby/gems/2.4.0/gems/actionpack-5.0.1/lib/action_dispatch/middleware/templates/rescues/_request_and_response.html.erb (0.8ms)
  Rendered /home/thibault/.rbenv/versions/2.4.0/lib/ruby/gems/2.4.0/gems/actionpack-5.0.1/lib/action_dispatch/middleware/templates/rescues/template_error.html.erb within rescues/layout (29.8ms)
Started GET "/" for ::1 at 2017-02-21 15:10:25 +0100
Processing by GalleriesController#index as HTML
  Rendering galleries/index.html.erb within layouts/application
  [1m[36mGallery Load (0.3ms)[0m  [1m[34mSELECT `galleries`.* FROM `galleries`[0m
  Rendered galleries/index.html.erb within layouts/application (1.9ms)
Completed 200 OK in 1117ms (Views: 1110.3ms | ActiveRecord: 0.3ms)


Started GET "/galleries/new" for ::1 at 2017-02-21 15:10:32 +0100
Processing by GalleriesController#new as HTML
  Rendering galleries/new.html.erb within layouts/application
  Rendered galleries/_form.html.erb (2.0ms)
  Rendered galleries/new.html.erb within layouts/application (3.4ms)
Completed 500 Internal Server Error in 7ms (ActiveRecord: 0.0ms)


  
ActionView::Template::Error (First argument in form cannot contain nil or be empty):
    1: <%= form_for(gallery) do |f| %>
    2:   <% if gallery.errors.any? %>
    3:     <div id="error_explanation">
    4:       <h2><%= pluralize(gallery.errors.count, "error") %> prohibited this gallery from being saved:</h2>
  
app/views/galleries/_form.html.erb:1:in `_app_views_galleries__form_html_erb__1533942153349420167_69926772906880'
app/views/galleries/new.html.erb:3:in `_app_views_galleries_new_html_erb__2928367446279121411_69926770947160'
  Rendering /home/thibault/.rbenv/versions/2.4.0/lib/ruby/gems/2.4.0/gems/actionpack-5.0.1/lib/action_dispatch/middleware/templates/rescues/template_error.html.erb within rescues/layout
  Rendering /home/thibault/.rbenv/versions/2.4.0/lib/ruby/gems/2.4.0/gems/actionpack-5.0.1/lib/action_dispatch/middleware/templates/rescues/_source.html.erb
  Rendered /home/thibault/.rbenv/versions/2.4.0/lib/ruby/gems/2.4.0/gems/actionpack-5.0.1/lib/action_dispatch/middleware/templates/rescues/_source.html.erb (5.8ms)
  Rendering /home/thibault/.rbenv/versions/2.4.0/lib/ruby/gems/2.4.0/gems/actionpack-5.0.1/lib/action_dispatch/middleware/templates/rescues/_trace.html.erb
  Rendered /home/thibault/.rbenv/versions/2.4.0/lib/ruby/gems/2.4.0/gems/actionpack-5.0.1/lib/action_dispatch/middleware/templates/rescues/_trace.html.erb (2.3ms)
  Rendering /home/thibault/.rbenv/versions/2.4.0/lib/ruby/gems/2.4.0/gems/actionpack-5.0.1/lib/action_dispatch/middleware/templates/rescues/_request_and_response.html.erb
  Rendered /home/thibault/.rbenv/versions/2.4.0/lib/ruby/gems/2.4.0/gems/actionpack-5.0.1/lib/action_dispatch/middleware/templates/rescues/_request_and_response.html.erb (0.8ms)
  Rendered /home/thibault/.rbenv/versions/2.4.0/lib/ruby/gems/2.4.0/gems/actionpack-5.0.1/lib/action_dispatch/middleware/templates/rescues/template_error.html.erb within rescues/layout (29.2ms)
Started GET "/" for ::1 at 2017-02-21 15:10:35 +0100
Processing by GalleriesController#index as HTML
  Rendering galleries/index.html.erb within layouts/application
  [1m[36mGallery Load (0.2ms)[0m  [1m[34mSELECT `galleries`.* FROM `galleries`[0m
  Rendered galleries/index.html.erb within layouts/application (1.5ms)
Completed 200 OK in 34ms (Views: 33.0ms | ActiveRecord: 0.2ms)


Started GET "/" for ::1 at 2017-02-21 15:14:38 +0100
Processing by GalleriesController#index as HTML
  Rendering galleries/index.html.erb within layouts/application
  [1m[36mGallery Load (0.2ms)[0m  [1m[34mSELECT `galleries`.* FROM `galleries`[0m
  Rendered galleries/index.html.erb within layouts/application (139.4ms)
Completed 500 Internal Server Error in 150ms (ActiveRecord: 0.2ms)


  
ActionView::Template::Error (undefined local variable or method `new_gallery_path' for #<#<Class:0x007f3231791c28>:0x007f3231790aa8>
Did you mean?  new_admin_gallery_path):
    26: 
    27: <br>
    28: 
    29: <!--<%= link_to 'New Gallery', new_gallery_path %> -->
  
app/views/galleries/index.html.erb:29:in `_app_views_galleries_index_html_erb___231960168638434146_69926777557620'
  Rendering /home/thibault/.rbenv/versions/2.4.0/lib/ruby/gems/2.4.0/gems/actionpack-5.0.1/lib/action_dispatch/middleware/templates/rescues/template_error.html.erb within rescues/layout
  Rendering /home/thibault/.rbenv/versions/2.4.0/lib/ruby/gems/2.4.0/gems/actionpack-5.0.1/lib/action_dispatch/middleware/templates/rescues/_source.html.erb
  Rendered /home/thibault/.rbenv/versions/2.4.0/lib/ruby/gems/2.4.0/gems/actionpack-5.0.1/lib/action_dispatch/middleware/templates/rescues/_source.html.erb (6.5ms)
  Rendering /home/thibault/.rbenv/versions/2.4.0/lib/ruby/gems/2.4.0/gems/actionpack-5.0.1/lib/action_dispatch/middleware/templates/rescues/_trace.html.erb
  Rendered /home/thibault/.rbenv/versions/2.4.0/lib/ruby/gems/2.4.0/gems/actionpack-5.0.1/lib/action_dispatch/middleware/templates/rescues/_trace.html.erb (2.9ms)
  Rendering /home/thibault/.rbenv/versions/2.4.0/lib/ruby/gems/2.4.0/gems/actionpack-5.0.1/lib/action_dispatch/middleware/templates/rescues/_request_and_response.html.erb
  Rendered /home/thibault/.rbenv/versions/2.4.0/lib/ruby/gems/2.4.0/gems/actionpack-5.0.1/lib/action_dispatch/middleware/templates/rescues/_request_and_response.html.erb (0.8ms)
  Rendered /home/thibault/.rbenv/versions/2.4.0/lib/ruby/gems/2.4.0/gems/actionpack-5.0.1/lib/action_dispatch/middleware/templates/rescues/template_error.html.erb within rescues/layout (31.6ms)
Started GET "/" for ::1 at 2017-02-21 15:15:36 +0100
  [1m[36mActiveRecord::SchemaMigration Load (0.3ms)[0m  [1m[34mSELECT `schema_migrations`.* FROM `schema_migrations`[0m
Processing by GalleriesController#index as HTML
  Rendering galleries/index.html.erb within layouts/application
  [1m[36mGallery Load (0.2ms)[0m  [1m[34mSELECT `galleries`.* FROM `galleries`[0m
  Rendered galleries/index.html.erb within layouts/application (131.2ms)
Completed 500 Internal Server Error in 151ms (ActiveRecord: 1.6ms)


  
ActionView::Template::Error (undefined local variable or method `new_gallery_path' for #<#<Class:0x00561d127f11f8>:0x00561d127e8148>
Did you mean?  new_admin_gallery_path):
    26: 
    27: <br>
    28: 
    29: <!--<%= link_to 'New Gallery', new_gallery_path %> -->
  
app/views/galleries/index.html.erb:29:in `_app_views_galleries_index_html_erb___3924815096129263252_47341432182020'
  Rendering /home/thibault/.rbenv/versions/2.4.0/lib/ruby/gems/2.4.0/gems/actionpack-5.0.1/lib/action_dispatch/middleware/templates/rescues/template_error.html.erb within rescues/layout
  Rendering /home/thibault/.rbenv/versions/2.4.0/lib/ruby/gems/2.4.0/gems/actionpack-5.0.1/lib/action_dispatch/middleware/templates/rescues/_source.html.erb
  Rendered /home/thibault/.rbenv/versions/2.4.0/lib/ruby/gems/2.4.0/gems/actionpack-5.0.1/lib/action_dispatch/middleware/templates/rescues/_source.html.erb (6.3ms)
  Rendering /home/thibault/.rbenv/versions/2.4.0/lib/ruby/gems/2.4.0/gems/actionpack-5.0.1/lib/action_dispatch/middleware/templates/rescues/_trace.html.erb
  Rendered /home/thibault/.rbenv/versions/2.4.0/lib/ruby/gems/2.4.0/gems/actionpack-5.0.1/lib/action_dispatch/middleware/templates/rescues/_trace.html.erb (2.2ms)
  Rendering /home/thibault/.rbenv/versions/2.4.0/lib/ruby/gems/2.4.0/gems/actionpack-5.0.1/lib/action_dispatch/middleware/templates/rescues/_request_and_response.html.erb
  Rendered /home/thibault/.rbenv/versions/2.4.0/lib/ruby/gems/2.4.0/gems/actionpack-5.0.1/lib/action_dispatch/middleware/templates/rescues/_request_and_response.html.erb (0.8ms)
  Rendered /home/thibault/.rbenv/versions/2.4.0/lib/ruby/gems/2.4.0/gems/actionpack-5.0.1/lib/action_dispatch/middleware/templates/rescues/template_error.html.erb within rescues/layout (32.2ms)
Started GET "/" for ::1 at 2017-02-21 15:17:12 +0100
Processing by GalleriesController#index as HTML
  Rendering galleries/index.html.erb within layouts/application
  [1m[36mGallery Load (0.3ms)[0m  [1m[34mSELECT `galleries`.* FROM `galleries`[0m
  Rendered galleries/index.html.erb within layouts/application (135.4ms)
Completed 500 Internal Server Error in 139ms (ActiveRecord: 0.3ms)


  
ActionView::Template::Error (undefined local variable or method `new_gallery_path' for #<#<Class:0x00561d127f11f8>:0x00561d1190ad60>
Did you mean?  new_admin_gallery_path):
    26: 
    27: <br>
    28: 
    29: <!--<%= link_to 'New Gallery', new_gallery_path %> -->
  
app/views/galleries/index.html.erb:29:in `_app_views_galleries_index_html_erb___3924815096129263252_47341424378060'
  Rendering /home/thibault/.rbenv/versions/2.4.0/lib/ruby/gems/2.4.0/gems/actionpack-5.0.1/lib/action_dispatch/middleware/templates/rescues/template_error.html.erb within rescues/layout
  Rendering /home/thibault/.rbenv/versions/2.4.0/lib/ruby/gems/2.4.0/gems/actionpack-5.0.1/lib/action_dispatch/middleware/templates/rescues/_source.html.erb
  Rendered /home/thibault/.rbenv/versions/2.4.0/lib/ruby/gems/2.4.0/gems/actionpack-5.0.1/lib/action_dispatch/middleware/templates/rescues/_source.html.erb (5.8ms)
  Rendering /home/thibault/.rbenv/versions/2.4.0/lib/ruby/gems/2.4.0/gems/actionpack-5.0.1/lib/action_dispatch/middleware/templates/rescues/_trace.html.erb
  Rendered /home/thibault/.rbenv/versions/2.4.0/lib/ruby/gems/2.4.0/gems/actionpack-5.0.1/lib/action_dispatch/middleware/templates/rescues/_trace.html.erb (2.2ms)
  Rendering /home/thibault/.rbenv/versions/2.4.0/lib/ruby/gems/2.4.0/gems/actionpack-5.0.1/lib/action_dispatch/middleware/templates/rescues/_request_and_response.html.erb
  Rendered /home/thibault/.rbenv/versions/2.4.0/lib/ruby/gems/2.4.0/gems/actionpack-5.0.1/lib/action_dispatch/middleware/templates/rescues/_request_and_response.html.erb (0.8ms)
  Rendered /home/thibault/.rbenv/versions/2.4.0/lib/ruby/gems/2.4.0/gems/actionpack-5.0.1/lib/action_dispatch/middleware/templates/rescues/template_error.html.erb within rescues/layout (29.6ms)
Started GET "/" for ::1 at 2017-02-21 15:17:16 +0100
Processing by GalleriesController#index as HTML
  Rendering galleries/index.html.erb within layouts/application
  [1m[36mGallery Load (0.3ms)[0m  [1m[34mSELECT `galleries`.* FROM `galleries`[0m
  Rendered galleries/index.html.erb within layouts/application (132.1ms)
Completed 500 Internal Server Error in 135ms (ActiveRecord: 0.3ms)


  
ActionView::Template::Error (undefined local variable or method `new_gallery_path' for #<#<Class:0x00561d127f11f8>:0x007f6408262028>
Did you mean?  new_admin_gallery_path):
    26: 
    27: <br>
    28: 
    29: <!--<%= link_to 'New Gallery', new_gallery_path %> -->
  
app/views/galleries/index.html.erb:29:in `_app_views_galleries_index_html_erb___3924815096129263252_70033805090060'
  Rendering /home/thibault/.rbenv/versions/2.4.0/lib/ruby/gems/2.4.0/gems/actionpack-5.0.1/lib/action_dispatch/middleware/templates/rescues/template_error.html.erb within rescues/layout
  Rendering /home/thibault/.rbenv/versions/2.4.0/lib/ruby/gems/2.4.0/gems/actionpack-5.0.1/lib/action_dispatch/middleware/templates/rescues/_source.html.erb
  Rendered /home/thibault/.rbenv/versions/2.4.0/lib/ruby/gems/2.4.0/gems/actionpack-5.0.1/lib/action_dispatch/middleware/templates/rescues/_source.html.erb (6.8ms)
  Rendering /home/thibault/.rbenv/versions/2.4.0/lib/ruby/gems/2.4.0/gems/actionpack-5.0.1/lib/action_dispatch/middleware/templates/rescues/_trace.html.erb
  Rendered /home/thibault/.rbenv/versions/2.4.0/lib/ruby/gems/2.4.0/gems/actionpack-5.0.1/lib/action_dispatch/middleware/templates/rescues/_trace.html.erb (2.5ms)
  Rendering /home/thibault/.rbenv/versions/2.4.0/lib/ruby/gems/2.4.0/gems/actionpack-5.0.1/lib/action_dispatch/middleware/templates/rescues/_request_and_response.html.erb
  Rendered /home/thibault/.rbenv/versions/2.4.0/lib/ruby/gems/2.4.0/gems/actionpack-5.0.1/lib/action_dispatch/middleware/templates/rescues/_request_and_response.html.erb (0.8ms)
  Rendered /home/thibault/.rbenv/versions/2.4.0/lib/ruby/gems/2.4.0/gems/actionpack-5.0.1/lib/action_dispatch/middleware/templates/rescues/template_error.html.erb within rescues/layout (31.8ms)
Started GET "/" for ::1 at 2017-02-21 15:19:27 +0100
Processing by GalleriesController#index as HTML
  Rendering galleries/index.html.erb within layouts/application
  [1m[36mGallery Load (0.2ms)[0m  [1m[34mSELECT `galleries`.* FROM `galleries`[0m
  Rendered galleries/index.html.erb within layouts/application (125.5ms)
Completed 500 Internal Server Error in 129ms (ActiveRecord: 0.2ms)


  
ActionView::Template::Error (undefined local variable or method `new_gallery_path' for #<#<Class:0x00561d127f11f8>:0x00561d11bda270>
Did you mean?  new_admin_gallery_path):
    26: 
    27: <br>
    28: 
    29: <!--<%= link_to 'New Gallery', new_gallery_path %> -->
  
app/views/galleries/index.html.erb:29:in `_app_views_galleries_index_html_erb___3924815096129263252_47341425843940'
  Rendering /home/thibault/.rbenv/versions/2.4.0/lib/ruby/gems/2.4.0/gems/actionpack-5.0.1/lib/action_dispatch/middleware/templates/rescues/template_error.html.erb within rescues/layout
  Rendering /home/thibault/.rbenv/versions/2.4.0/lib/ruby/gems/2.4.0/gems/actionpack-5.0.1/lib/action_dispatch/middleware/templates/rescues/_source.html.erb
  Rendered /home/thibault/.rbenv/versions/2.4.0/lib/ruby/gems/2.4.0/gems/actionpack-5.0.1/lib/action_dispatch/middleware/templates/rescues/_source.html.erb (6.4ms)
  Rendering /home/thibault/.rbenv/versions/2.4.0/lib/ruby/gems/2.4.0/gems/actionpack-5.0.1/lib/action_dispatch/middleware/templates/rescues/_trace.html.erb
  Rendered /home/thibault/.rbenv/versions/2.4.0/lib/ruby/gems/2.4.0/gems/actionpack-5.0.1/lib/action_dispatch/middleware/templates/rescues/_trace.html.erb (2.2ms)
  Rendering /home/thibault/.rbenv/versions/2.4.0/lib/ruby/gems/2.4.0/gems/actionpack-5.0.1/lib/action_dispatch/middleware/templates/rescues/_request_and_response.html.erb
  Rendered /home/thibault/.rbenv/versions/2.4.0/lib/ruby/gems/2.4.0/gems/actionpack-5.0.1/lib/action_dispatch/middleware/templates/rescues/_request_and_response.html.erb (0.9ms)
  Rendered /home/thibault/.rbenv/versions/2.4.0/lib/ruby/gems/2.4.0/gems/actionpack-5.0.1/lib/action_dispatch/middleware/templates/rescues/template_error.html.erb within rescues/layout (30.2ms)
Started GET "/" for ::1 at 2017-02-21 15:19:58 +0100
Processing by GalleriesController#index as HTML
  Rendering galleries/index.html.erb within layouts/application
  [1m[36mGallery Load (0.3ms)[0m  [1m[34mSELECT `galleries`.* FROM `galleries`[0m
  Rendered galleries/index.html.erb within layouts/application (1.3ms)
Completed 200 OK in 218ms (Views: 216.1ms | ActiveRecord: 0.3ms)


Started GET "/gallery" for ::1 at 2017-02-21 15:22:10 +0100
  
ActionController::RoutingError (No route matches [GET] "/gallery"):
  
actionpack (5.0.1) lib/action_dispatch/middleware/debug_exceptions.rb:53:in `call'
web-console (3.4.0) lib/web_console/middleware.rb:135:in `call_app'
web-console (3.4.0) lib/web_console/middleware.rb:28:in `block in call'
web-console (3.4.0) lib/web_console/middleware.rb:18:in `catch'
web-console (3.4.0) lib/web_console/middleware.rb:18:in `call'
actionpack (5.0.1) lib/action_dispatch/middleware/show_exceptions.rb:31:in `call'
railties (5.0.1) lib/rails/rack/logger.rb:36:in `call_app'
railties (5.0.1) lib/rails/rack/logger.rb:24:in `block in call'
activesupport (5.0.1) lib/active_support/tagged_logging.rb:69:in `block in tagged'
activesupport (5.0.1) lib/active_support/tagged_logging.rb:26:in `tagged'
activesupport (5.0.1) lib/active_support/tagged_logging.rb:69:in `tagged'
railties (5.0.1) lib/rails/rack/logger.rb:24:in `call'
sprockets-rails (3.2.0) lib/sprockets/rails/quiet_assets.rb:13:in `call'
actionpack (5.0.1) lib/action_dispatch/middleware/request_id.rb:24:in `call'
rack (2.0.1) lib/rack/method_override.rb:22:in `call'
rack (2.0.1) lib/rack/runtime.rb:22:in `call'
activesupport (5.0.1) lib/active_support/cache/strategy/local_cache_middleware.rb:28:in `call'
actionpack (5.0.1) lib/action_dispatch/middleware/executor.rb:12:in `call'
actionpack (5.0.1) lib/action_dispatch/middleware/static.rb:136:in `call'
rack (2.0.1) lib/rack/sendfile.rb:111:in `call'
railties (5.0.1) lib/rails/engine.rb:522:in `call'
puma (3.7.1) lib/puma/configuration.rb:232:in `call'
puma (3.7.1) lib/puma/server.rb:578:in `handle_request'
puma (3.7.1) lib/puma/server.rb:415:in `process_client'
puma (3.7.1) lib/puma/server.rb:275:in `block in run'
puma (3.7.1) lib/puma/thread_pool.rb:120:in `block in spawn_thread'
  Rendering /home/thibault/.rbenv/versions/2.4.0/lib/ruby/gems/2.4.0/gems/actionpack-5.0.1/lib/action_dispatch/middleware/templates/rescues/routing_error.html.erb within rescues/layout
  Rendering /home/thibault/.rbenv/versions/2.4.0/lib/ruby/gems/2.4.0/gems/actionpack-5.0.1/lib/action_dispatch/middleware/templates/rescues/_trace.html.erb
  Rendered /home/thibault/.rbenv/versions/2.4.0/lib/ruby/gems/2.4.0/gems/actionpack-5.0.1/lib/action_dispatch/middleware/templates/rescues/_trace.html.erb (1.9ms)
  Rendered collection of /home/thibault/.rbenv/versions/2.4.0/lib/ruby/gems/2.4.0/gems/actionpack-5.0.1/lib/action_dispatch/middleware/templates/routes/_route.html.erb [9 times] (23.7ms)
  Rendered /home/thibault/.rbenv/versions/2.4.0/lib/ruby/gems/2.4.0/gems/actionpack-5.0.1/lib/action_dispatch/middleware/templates/routes/_table.html.erb (26.9ms)
  Rendering /home/thibault/.rbenv/versions/2.4.0/lib/ruby/gems/2.4.0/gems/actionpack-5.0.1/lib/action_dispatch/middleware/templates/rescues/_request_and_response.html.erb
  Rendered /home/thibault/.rbenv/versions/2.4.0/lib/ruby/gems/2.4.0/gems/actionpack-5.0.1/lib/action_dispatch/middleware/templates/rescues/_request_and_response.html.erb (1.0ms)
  Rendered /home/thibault/.rbenv/versions/2.4.0/lib/ruby/gems/2.4.0/gems/actionpack-5.0.1/lib/action_dispatch/middleware/templates/rescues/routing_error.html.erb within rescues/layout (91.9ms)
Started GET "/gallery" for ::1 at 2017-02-21 15:23:14 +0100
  
ActionController::RoutingError (No route matches [GET] "/gallery"):
  
actionpack (5.0.1) lib/action_dispatch/middleware/debug_exceptions.rb:53:in `call'
web-console (3.4.0) lib/web_console/middleware.rb:135:in `call_app'
web-console (3.4.0) lib/web_console/middleware.rb:28:in `block in call'
web-console (3.4.0) lib/web_console/middleware.rb:18:in `catch'
web-console (3.4.0) lib/web_console/middleware.rb:18:in `call'
actionpack (5.0.1) lib/action_dispatch/middleware/show_exceptions.rb:31:in `call'
railties (5.0.1) lib/rails/rack/logger.rb:36:in `call_app'
railties (5.0.1) lib/rails/rack/logger.rb:24:in `block in call'
activesupport (5.0.1) lib/active_support/tagged_logging.rb:69:in `block in tagged'
activesupport (5.0.1) lib/active_support/tagged_logging.rb:26:in `tagged'
activesupport (5.0.1) lib/active_support/tagged_logging.rb:69:in `tagged'
railties (5.0.1) lib/rails/rack/logger.rb:24:in `call'
sprockets-rails (3.2.0) lib/sprockets/rails/quiet_assets.rb:13:in `call'
actionpack (5.0.1) lib/action_dispatch/middleware/request_id.rb:24:in `call'
rack (2.0.1) lib/rack/method_override.rb:22:in `call'
rack (2.0.1) lib/rack/runtime.rb:22:in `call'
activesupport (5.0.1) lib/active_support/cache/strategy/local_cache_middleware.rb:28:in `call'
actionpack (5.0.1) lib/action_dispatch/middleware/executor.rb:12:in `call'
actionpack (5.0.1) lib/action_dispatch/middleware/static.rb:136:in `call'
rack (2.0.1) lib/rack/sendfile.rb:111:in `call'
railties (5.0.1) lib/rails/engine.rb:522:in `call'
puma (3.7.1) lib/puma/configuration.rb:232:in `call'
puma (3.7.1) lib/puma/server.rb:578:in `handle_request'
puma (3.7.1) lib/puma/server.rb:415:in `process_client'
puma (3.7.1) lib/puma/server.rb:275:in `block in run'
puma (3.7.1) lib/puma/thread_pool.rb:120:in `block in spawn_thread'
  Rendering /home/thibault/.rbenv/versions/2.4.0/lib/ruby/gems/2.4.0/gems/actionpack-5.0.1/lib/action_dispatch/middleware/templates/rescues/routing_error.html.erb within rescues/layout
  Rendering /home/thibault/.rbenv/versions/2.4.0/lib/ruby/gems/2.4.0/gems/actionpack-5.0.1/lib/action_dispatch/middleware/templates/rescues/_trace.html.erb
  Rendered /home/thibault/.rbenv/versions/2.4.0/lib/ruby/gems/2.4.0/gems/actionpack-5.0.1/lib/action_dispatch/middleware/templates/rescues/_trace.html.erb (1.2ms)
  Rendered collection of /home/thibault/.rbenv/versions/2.4.0/lib/ruby/gems/2.4.0/gems/actionpack-5.0.1/lib/action_dispatch/middleware/templates/routes/_route.html.erb [11 times] (3.8ms)
  Rendered /home/thibault/.rbenv/versions/2.4.0/lib/ruby/gems/2.4.0/gems/actionpack-5.0.1/lib/action_dispatch/middleware/templates/routes/_table.html.erb (1.2ms)
  Rendering /home/thibault/.rbenv/versions/2.4.0/lib/ruby/gems/2.4.0/gems/actionpack-5.0.1/lib/action_dispatch/middleware/templates/rescues/_request_and_response.html.erb
  Rendered /home/thibault/.rbenv/versions/2.4.0/lib/ruby/gems/2.4.0/gems/actionpack-5.0.1/lib/action_dispatch/middleware/templates/rescues/_request_and_response.html.erb (1.1ms)
  Rendered /home/thibault/.rbenv/versions/2.4.0/lib/ruby/gems/2.4.0/gems/actionpack-5.0.1/lib/action_dispatch/middleware/templates/rescues/routing_error.html.erb within rescues/layout (32.6ms)
Started GET "/galleries" for ::1 at 2017-02-21 15:23:22 +0100
Processing by GalleriesController#index as HTML
  Rendering galleries/index.html.erb within layouts/application
  [1m[36mGallery Load (0.3ms)[0m  [1m[34mSELECT `galleries`.* FROM `galleries`[0m
  Rendered galleries/index.html.erb within layouts/application (3.5ms)
Completed 200 OK in 30ms (Views: 23.1ms | ActiveRecord: 1.1ms)


